Removed Pin From Net: NetName=+5V Pin=J2-1
Removed Pin From Net: NetName=+5V Pin=J2-2
Removed Pin From Net: NetName=+5V Pin=J2-3
Removed Pin From Net: NetName=+5V Pin=J2-4
Removed Pin From Net: NetName=+5V Pin=J2-5
Removed Pin From Net: NetName=+5V Pin=J2-6
Removed Pin From Net: NetName=+5V Pin=J2-7
Change Component Designator: OldDesignator= NewDesignator=LED1
Change Component Designator: OldDesignator= NewDesignator=LED2
Change Component Designator: OldDesignator= NewDesignator=LED3
Change Component Designator: OldDesignator= NewDesignator=LED4
Change Component Designator: OldDesignator= NewDesignator=LED5
Change Component Designator: OldDesignator= NewDesignator=LED6
Change Component Designator: OldDesignator= NewDesignator=LED7
Change Component Designator: OldDesignator= NewDesignator=R1
Change Component Designator: OldDesignator= NewDesignator=R2
Change Component Designator: OldDesignator= NewDesignator=R3
Change Component Designator: OldDesignator= NewDesignator=R4
Change Component Designator: OldDesignator= NewDesignator=R5
Change Component Designator: OldDesignator= NewDesignator=R6
Change Component Designator: OldDesignator= NewDesignator=R7
Added Pin To Net: NetName=NetJ2_1 Pin=J2-1
Added Pin To Net: NetName=NetJ2_1 Pin=LED1-1
Added Pin To Net: NetName=NetJ2_1 Pin=U1-16
Added Net: Name=NetJ2_1
Added Pin To Net: NetName=NetJ2_2 Pin=J2-2
Added Pin To Net: NetName=NetJ2_2 Pin=LED2-1
Added Pin To Net: NetName=NetJ2_2 Pin=U1-15
Added Net: Name=NetJ2_2
Added Pin To Net: NetName=NetJ2_3 Pin=J2-3
Added Pin To Net: NetName=NetJ2_3 Pin=LED3-1
Added Pin To Net: NetName=NetJ2_3 Pin=U1-14
Added Net: Name=NetJ2_3
Added Pin To Net: NetName=NetJ2_4 Pin=J2-4
Added Pin To Net: NetName=NetJ2_4 Pin=LED4-1
Added Pin To Net: NetName=NetJ2_4 Pin=U1-13
Added Net: Name=NetJ2_4
Added Pin To Net: NetName=NetJ2_5 Pin=J2-5
Added Pin To Net: NetName=NetJ2_5 Pin=LED5-1
Added Pin To Net: NetName=NetJ2_5 Pin=U1-12
Added Net: Name=NetJ2_5
Added Pin To Net: NetName=NetJ2_6 Pin=J2-6
Added Pin To Net: NetName=NetJ2_6 Pin=LED6-1
Added Pin To Net: NetName=NetJ2_6 Pin=U1-11
Added Net: Name=NetJ2_6
Added Pin To Net: NetName=NetJ2_7 Pin=J2-7
Added Pin To Net: NetName=NetJ2_7 Pin=LED7-1
Added Pin To Net: NetName=NetJ2_7 Pin=U1-10
Added Net: Name=NetJ2_7
Added Member To Class: ClassName=uln2003_Shematics Member=Component J2 Header Pins
Added Member To Class: ClassName=uln2003_Shematics Member=Component LED1 150080BS75000
Added Member To Class: ClassName=uln2003_Shematics Member=Component LED2 150080BS75000
Added Member To Class: ClassName=uln2003_Shematics Member=Component LED3 150080BS75000
Added Member To Class: ClassName=uln2003_Shematics Member=Component LED4 150080BS75000
Added Member To Class: ClassName=uln2003_Shematics Member=Component LED5 150080BS75000
Added Member To Class: ClassName=uln2003_Shematics Member=Component LED7 150080BS75000
Added Member To Class: ClassName=uln2003_Shematics Member=Component R1 220
Added Member To Class: ClassName=uln2003_Shematics Member=Component R2 220
Added Member To Class: ClassName=uln2003_Shematics Member=Component R3 220
Added Member To Class: ClassName=uln2003_Shematics Member=Component R4 220
Added Member To Class: ClassName=uln2003_Shematics Member=Component R5 220
Added Member To Class: ClassName=uln2003_Shematics Member=Component R6 220
Added Member To Class: ClassName=uln2003_Shematics Member=Component R7 220
