Removed Pin From Net: NetName=+5V Pin=-1
Removed Pin From Net: NetName=IN1 Pin=-2
Removed Pin From Net: NetName=GND Pin=-3
Removed Pin From Net: NetName=IN2 Pin=-4
Removed Pin From Net: NetName=IN6 Pin=-5
Removed Pin From Net: NetName=IN3 Pin=-6
Removed Pin From Net: NetName=IN4 Pin=-8
Removed Pin From Net: NetName=IN7 Pin=-9
Removed Pin From Net: NetName=IN5 Pin=-10
Change Component Designator: OldDesignator= NewDesignator=J1
Change Component Designator: OldDesignator= NewDesignator=J2
Change Component Designator: OldDesignator= NewDesignator=LED2
Change Component Designator: OldDesignator= NewDesignator=LED3
Change Component Designator: OldDesignator= NewDesignator=LED4
Change Component Designator: OldDesignator= NewDesignator=LED5
Change Component Designator: OldDesignator= NewDesignator=LED6
Change Component Designator: OldDesignator= NewDesignator=LED7
Change Component Designator: OldDesignator=L1 NewDesignator=LED1
Added Component: Designator=C?(CAPC2013X140N)
Add component (AddParameter): Name = "Arrow Part Number"; Value = ""; VariantName = "[No Variations]"
Add component (AddParameter): Name = "Arrow Price/Stock"; Value = ""; VariantName = "[No Variations]"
Add component (AddParameter): Name = "Datasheet Link"; Value = ""; VariantName = "[No Variations]"
Add component (AddParameter): Name = "Manufacturer_Name"; Value = "Kyocera AVX"; VariantName = "[No Variations]"
Add component (AddParameter): Name = "Manufacturer_Part_Number"; Value = "08053C474JAT2A"; VariantName = "[No Variations]"
Add component (AddParameter): Name = "Mouser Part Number"; Value = "581-08053C474JAT2A"; VariantName = "[No Variations]"
Add component (AddParameter): Name = "Mouser Price/Stock"; Value = "https://www.mouser.co.uk/ProductDetail/KYOCERA-AVX/08053C474JAT2A?qs=bb%252B1MDm7h6L8wnHciIrwGg%3D%3D"; VariantName = "[No Variations]"
Added Component: Designator=C?(CAPC2013X140N)
Add component (AddParameter): Name = "Arrow Part Number"; Value = ""; VariantName = "[No Variations]"
Add component (AddParameter): Name = "Arrow Price/Stock"; Value = ""; VariantName = "[No Variations]"
Add component (AddParameter): Name = "Datasheet Link"; Value = ""; VariantName = "[No Variations]"
Add component (AddParameter): Name = "Manufacturer_Name"; Value = "Kyocera AVX"; VariantName = "[No Variations]"
Add component (AddParameter): Name = "Manufacturer_Part_Number"; Value = "08053C474JAT2A"; VariantName = "[No Variations]"
Add component (AddParameter): Name = "Mouser Part Number"; Value = "581-08053C474JAT2A"; VariantName = "[No Variations]"
Add component (AddParameter): Name = "Mouser Price/Stock"; Value = "https://www.mouser.co.uk/ProductDetail/KYOCERA-AVX/08053C474JAT2A?qs=bb%252B1MDm7h6L8wnHciIrwGg%3D%3D"; VariantName = "[No Variations]"
Added Pin To Net: NetName=+5V Pin=C?-1
Added Pin To Net: NetName=GND Pin=C?-1
Added Pin To Net: NetName=GND Pin=C?-2
Added Pin To Net: NetName=GND Pin=C?-2
Added Pin To Net: NetName=IN1 Pin=J2-1
Added Pin To Net: NetName=IN2 Pin=J2-3
Added Pin To Net: NetName=GND Pin=J2-4
Added Pin To Net: NetName=IN3 Pin=J2-5
Added Pin To Net: NetName=IN6 Pin=J2-6
Added Pin To Net: NetName=IN4 Pin=J2-7
Added Pin To Net: NetName=IN5 Pin=J2-9
Added Pin To Net: NetName=IN7 Pin=J2-10
Added Pin To Net: NetName=+12 Pin=J2-2
Added Net: Name=+12
